<?xml version="1.0" encoding="UTF-8"?>
<testng-results skipped="0" failed="0" ignored="0" total="1" passed="1">
  <reporter-output>
  </reporter-output>
  <suite name="Default suite" duration-ms="10616" started-at="2022-02-10T11:03:53 CST" finished-at="2022-02-10T11:04:03 CST">
    <groups>
    </groups>
    <test name="Default test" duration-ms="10616" started-at="2022-02-10T11:03:53 CST" finished-at="2022-02-10T11:04:03 CST">
      <class name="variousConcepts.CRMTest">
        <test-method status="PASS" signature="readConfig()[pri:0, instance:variousConcepts.CRMTest@6b57696f]" name="readConfig" is-config="true" duration-ms="15" started-at="2022-02-10T11:03:53 CST" finished-at="2022-02-10T11:03:53 CST">
          <reporter-output>
          </reporter-output>
        </test-method> <!-- readConfig -->
        <test-method status="PASS" signature="init()[pri:0, instance:variousConcepts.CRMTest@6b57696f]" name="init" is-config="true" duration-ms="5927" started-at="2022-02-10T11:03:53 CST" finished-at="2022-02-10T11:03:59 CST">
          <reporter-output>
          </reporter-output>
        </test-method> <!-- init -->
        <test-method status="PASS" signature="addContact()[pri:0, instance:variousConcepts.CRMTest@6b57696f]" name="addContact" duration-ms="4635" started-at="2022-02-10T11:03:59 CST" finished-at="2022-02-10T11:04:03 CST">
          <reporter-output>
          </reporter-output>
        </test-method> <!-- addContact -->
      </class> <!-- variousConcepts.CRMTest -->
    </test> <!-- Default test -->
  </suite> <!-- Default suite -->
</testng-results>
